2023-08-21 18:22:50,338 [INFO] Device: cuda
2023-08-21 18:22:50,338 [INFO] Training started...
2023-08-21 18:22:58,747 [INFO] Epoch [1/10], Average Loss: 0.4001
2023-08-21 18:23:06,720 [INFO] Epoch [2/10], Average Loss: 0.1860
2023-08-21 18:23:14,742 [INFO] Epoch [3/10], Average Loss: 0.1373
2023-08-21 18:23:22,686 [INFO] Epoch [4/10], Average Loss: 0.1111
2023-08-21 18:23:30,544 [INFO] Epoch [5/10], Average Loss: 0.0937
2023-08-21 18:23:38,151 [INFO] Epoch [6/10], Average Loss: 0.0824
2023-08-21 18:23:45,929 [INFO] Epoch [7/10], Average Loss: 0.0724
2023-08-21 18:23:53,880 [INFO] Epoch [8/10], Average Loss: 0.0678
2023-08-21 18:24:01,929 [INFO] Epoch [9/10], Average Loss: 0.0595
2023-08-21 18:24:09,890 [INFO] Epoch [10/10], Average Loss: 0.0552
2023-08-21 18:24:09,891 [INFO] Training completed.
2023-08-21 18:24:09,891 [INFO] Model weights of version 1 saved in path ../outputs/saved_models/1/
2023-08-22 10:36:55,343 [INFO] Device: cuda
2023-08-22 10:36:55,358 [INFO] Training started...
2023-08-22 10:37:11,607 [INFO] Epoch [1/10], Average Loss: 0.3870
2023-08-22 10:37:19,072 [INFO] Epoch [2/10], Average Loss: 0.1825
2023-08-22 10:37:26,500 [INFO] Epoch [3/10], Average Loss: 0.1337
2023-08-22 10:37:33,940 [INFO] Epoch [4/10], Average Loss: 0.1080
2023-08-22 10:37:41,451 [INFO] Epoch [5/10], Average Loss: 0.0940
2023-08-22 10:37:49,094 [INFO] Epoch [6/10], Average Loss: 0.0841
2023-08-22 10:37:56,689 [INFO] Epoch [7/10], Average Loss: 0.0745
2023-08-22 10:38:04,278 [INFO] Epoch [8/10], Average Loss: 0.0665
2023-08-22 10:38:11,790 [INFO] Epoch [9/10], Average Loss: 0.0590
2023-08-22 10:38:19,377 [INFO] Epoch [10/10], Average Loss: 0.0550
2023-08-22 10:38:19,392 [INFO] Training completed.
2023-08-22 10:38:19,392 [INFO] Model weights of version 2 saved in path ../outputs/saved_models/2/
2023-08-22 10:38:32,332 [INFO] Testing started...
2023-08-22 10:38:32,332 [INFO] Model Version 2
2023-08-22 10:38:33,870 [INFO] Model epoch 1 - Test Accuracy: 0.9376 Test loss: 0.2061
2023-08-22 10:38:35,103 [INFO] Model epoch 2 - Test Accuracy: 0.9578 Test loss: 0.1432
2023-08-22 10:38:36,312 [INFO] Model epoch 3 - Test Accuracy: 0.9611 Test loss: 0.1198
2023-08-22 10:38:37,523 [INFO] Model epoch 4 - Test Accuracy: 0.9659 Test loss: 0.1056
2023-08-22 10:38:38,737 [INFO] Model epoch 5 - Test Accuracy: 0.9621 Test loss: 0.1196
2023-08-22 10:38:39,956 [INFO] Model epoch 6 - Test Accuracy: 0.9634 Test loss: 0.1203
2023-08-22 10:38:41,171 [INFO] Model epoch 7 - Test Accuracy: 0.9750 Test loss: 0.0817
2023-08-22 10:38:42,380 [INFO] Model epoch 8 - Test Accuracy: 0.9696 Test loss: 0.1002
2023-08-22 10:38:43,586 [INFO] Model epoch 9 - Test Accuracy: 0.9730 Test loss: 0.0876
2023-08-22 10:38:44,794 [INFO] Model epoch 10 - Test Accuracy: 0.9751 Test loss: 0.0875
2023-08-22 10:38:44,795 [INFO] Testing for all weights completed.
2023-08-22 10:39:58,753 [INFO] Testing started...
2023-08-22 10:39:58,753 [INFO] Model Version 2
2023-08-22 10:40:00,198 [INFO] Model epoch 1 - Test Accuracy: 0.9376 Test loss: 0.2061
2023-08-22 10:40:01,348 [INFO] Model epoch 2 - Test Accuracy: 0.9578 Test loss: 0.1432
2023-08-22 10:40:02,520 [INFO] Model epoch 3 - Test Accuracy: 0.9611 Test loss: 0.1198
2023-08-22 10:40:03,674 [INFO] Model epoch 4 - Test Accuracy: 0.9659 Test loss: 0.1056
2023-08-22 10:40:04,821 [INFO] Model epoch 5 - Test Accuracy: 0.9621 Test loss: 0.1196
2023-08-22 10:40:05,969 [INFO] Model epoch 6 - Test Accuracy: 0.9634 Test loss: 0.1203
2023-08-22 10:40:07,117 [INFO] Model epoch 7 - Test Accuracy: 0.9750 Test loss: 0.0817
2023-08-22 10:40:08,272 [INFO] Model epoch 8 - Test Accuracy: 0.9696 Test loss: 0.1002
2023-08-22 10:40:09,424 [INFO] Model epoch 9 - Test Accuracy: 0.9730 Test loss: 0.0876
2023-08-22 10:40:10,580 [INFO] Model epoch 10 - Test Accuracy: 0.9751 Test loss: 0.0875
2023-08-22 10:40:10,580 [INFO] Testing for all weights completed.
2023-08-22 10:40:34,410 [INFO] Testing model version: 1
2023-08-22 10:40:34,766 [INFO] Testing started...
2023-08-22 10:40:34,766 [INFO] Model Version 1
2023-08-22 10:40:36,302 [INFO] Model epoch 1 - Test Accuracy: 0.9390 Test loss: 0.2056
2023-08-22 10:40:37,529 [INFO] Model epoch 2 - Test Accuracy: 0.9538 Test loss: 0.1466
2023-08-22 10:40:38,799 [INFO] Model epoch 3 - Test Accuracy: 0.9627 Test loss: 0.1162
2023-08-22 10:40:40,043 [INFO] Model epoch 4 - Test Accuracy: 0.9676 Test loss: 0.1087
2023-08-22 10:40:41,289 [INFO] Model epoch 5 - Test Accuracy: 0.9666 Test loss: 0.1045
2023-08-22 10:40:42,522 [INFO] Model epoch 6 - Test Accuracy: 0.9624 Test loss: 0.1168
2023-08-22 10:40:43,868 [INFO] Model epoch 7 - Test Accuracy: 0.9709 Test loss: 0.0973
2023-08-22 10:40:45,104 [INFO] Model epoch 8 - Test Accuracy: 0.9740 Test loss: 0.0839
2023-08-22 10:40:46,340 [INFO] Model epoch 9 - Test Accuracy: 0.9739 Test loss: 0.0891
2023-08-22 10:40:47,581 [INFO] Model epoch 10 - Test Accuracy: 0.9733 Test loss: 0.0932
2023-08-22 10:40:47,581 [INFO] Testing for all weights completed.
